Code/app/build/intermediates/manifest_merge_blame_file/release/manifest-merger-blame-release-report.txt
1<?xml version="1.0" encoding="utf-8"?>
2<manifest xmlns:android="http://schemas.android.com/apk/res/android"
3    package="appegic.pinkflix"
4    android:versionCode="3"
5    android:versionName="1.0.2" >
6
7    <uses-sdk
8        android:minSdkVersion="19"
8-->src\main\AndroidManifest.xml
9        android:targetSdkVersion="29" />
9-->src\main\AndroidManifest.xml
10
11    <uses-permission android:name="android.permission.ACCESS_NETWORK_STATE" />
11-->src\main\AndroidManifest.xml:6:5-79
11-->src\main\AndroidManifest.xml:6:22-76
12    <uses-permission android:name="android.permission.INTERNET" />
12-->src\main\AndroidManifest.xml:7:5-67
12-->src\main\AndroidManifest.xml:7:22-64
13    <uses-permission android:name="android.permission.FOREGROUND_SERVICE" />
13-->src\main\AndroidManifest.xml:8:5-76
13-->src\main\AndroidManifest.xml:8:22-74
14    <uses-permission android:name="android.permission.WRITE_EXTERNAL_STORAGE" />
14-->src\main\AndroidManifest.xml:9:5-81
14-->src\main\AndroidManifest.xml:9:22-78
15    <uses-permission android:name="android.permission.READ_EXTERNAL_STORAGE" />
15-->src\main\AndroidManifest.xml:10:5-79
15-->src\main\AndroidManifest.xml:10:22-77
16    <uses-permission android:name="android.permission.ACCESS_NOTIFICATION_POLICY" />
16-->src\main\AndroidManifest.xml:11:5-84
16-->src\main\AndroidManifest.xml:11:22-82
17
18    <queries>
18-->src\main\AndroidManifest.xml:283:5-285:15
19        <package android:name="com.facebook.katana" />
19-->src\main\AndroidManifest.xml:284:9-55
19-->src\main\AndroidManifest.xml:284:18-52
20    </queries>
21
22    <uses-permission android:name="android.permission.CAMERA" /> <!-- Create a unique permission for your app and use it so only your app can receive your OneSignal messages. -->
22-->[com.github.nguyenhoanglam:ImagePicker:1.2.0] AndroidManifest.xml:12:5-65
22-->[com.github.nguyenhoanglam:ImagePicker:1.2.0] AndroidManifest.xml:12:22-62
23    <permission
23-->[com.onesignal:OneSignal:3.16.0] AndroidManifest.xml:7:5-9:47
24        android:name="appegic.pinkflix.permission.C2D_MESSAGE"
24-->[com.onesignal:OneSignal:3.16.0] AndroidManifest.xml:8:9-63
25        android:protectionLevel="signature" />
25-->[com.onesignal:OneSignal:3.16.0] AndroidManifest.xml:9:9-44
26
27    <uses-permission android:name="appegic.pinkflix.permission.C2D_MESSAGE" />
27-->[com.onesignal:OneSignal:3.16.0] AndroidManifest.xml:11:5-79
27-->[com.onesignal:OneSignal:3.16.0] AndroidManifest.xml:11:22-76
28    <uses-permission android:name="com.google.android.c2dm.permission.RECEIVE" /> <!-- Required, makes sure notifications are delivered on time. -->
28-->[com.onesignal:OneSignal:3.16.0] AndroidManifest.xml:17:5-82
28-->[com.onesignal:OneSignal:3.16.0] AndroidManifest.xml:17:22-79
29    <uses-permission android:name="android.permission.WAKE_LOCK" />
29-->[com.onesignal:OneSignal:3.16.0] AndroidManifest.xml:18:5-68
29-->[com.onesignal:OneSignal:3.16.0] AndroidManifest.xml:18:22-65
30    <!--
31 Required so the device vibrates on receiving a push notification.
32         Vibration settings of the device still apply.
33    -->
34    <uses-permission android:name="android.permission.VIBRATE" />
34-->[com.onesignal:OneSignal:3.16.0] AndroidManifest.xml:23:5-66
34-->[com.onesignal:OneSignal:3.16.0] AndroidManifest.xml:23:22-63
35    <!--
36 Use to restore notifications the user hasn't interacted with.
37         They could be missed notifications if the user reboots their device if this isn't in place.
38    -->
39    <uses-permission android:name="android.permission.RECEIVE_BOOT_COMPLETED" /> <!-- START: ShortcutBadger -->
39-->[com.onesignal:OneSignal:3.16.0] AndroidManifest.xml:29:5-81
39-->[com.onesignal:OneSignal:3.16.0] AndroidManifest.xml:29:22-78
40    <!-- Samsung -->
41    <uses-permission android:name="com.sec.android.provider.badge.permission.READ" />
41-->[com.onesignal:OneSignal:3.16.0] AndroidManifest.xml:31:5-86
41-->[com.onesignal:OneSignal:3.16.0] AndroidManifest.xml:31:22-83
42    <uses-permission android:name="com.sec.android.provider.badge.permission.WRITE" /> <!-- HTC -->
42-->[com.onesignal:OneSignal:3.16.0] AndroidManifest.xml:32:5-87
42-->[com.onesignal:OneSignal:3.16.0] AndroidManifest.xml:32:22-84
43    <uses-permission android:name="com.htc.launcher.permission.READ_SETTINGS" />
43-->[com.onesignal:OneSignal:3.16.0] AndroidManifest.xml:33:5-81
43-->[com.onesignal:OneSignal:3.16.0] AndroidManifest.xml:33:22-78
44    <uses-permission android:name="com.htc.launcher.permission.UPDATE_SHORTCUT" /> <!-- Sony -->
44-->[com.onesignal:OneSignal:3.16.0] AndroidManifest.xml:34:5-83
44-->[com.onesignal:OneSignal:3.16.0] AndroidManifest.xml:34:22-80
45    <uses-permission android:name="com.sonyericsson.home.permission.BROADCAST_BADGE" />
45-->[com.onesignal:OneSignal:3.16.0] AndroidManifest.xml:35:5-88
45-->[com.onesignal:OneSignal:3.16.0] AndroidManifest.xml:35:22-85
46    <uses-permission android:name="com.sonymobile.home.permission.PROVIDER_INSERT_BADGE" /> <!-- Apex -->
46-->[com.onesignal:OneSignal:3.16.0] AndroidManifest.xml:36:5-92
46-->[com.onesignal:OneSignal:3.16.0] AndroidManifest.xml:36:22-89
47    <uses-permission android:name="com.anddoes.launcher.permission.UPDATE_COUNT" /> <!-- Solid -->
47-->[com.onesignal:OneSignal:3.16.0] AndroidManifest.xml:37:5-84
47-->[com.onesignal:OneSignal:3.16.0] AndroidManifest.xml:37:22-81
48    <uses-permission android:name="com.majeur.launcher.permission.UPDATE_BADGE" /> <!-- Huawei -->
48-->[com.onesignal:OneSignal:3.16.0] AndroidManifest.xml:38:5-83
48-->[com.onesignal:OneSignal:3.16.0] AndroidManifest.xml:38:22-80
49    <uses-permission android:name="com.huawei.android.launcher.permission.CHANGE_BADGE" />
49-->[com.onesignal:OneSignal:3.16.0] AndroidManifest.xml:39:5-91
49-->[com.onesignal:OneSignal:3.16.0] AndroidManifest.xml:39:22-88
50    <uses-permission android:name="com.huawei.android.launcher.permission.READ_SETTINGS" />
50-->[com.onesignal:OneSignal:3.16.0] AndroidManifest.xml:40:5-92
50-->[com.onesignal:OneSignal:3.16.0] AndroidManifest.xml:40:22-89
51    <uses-permission android:name="com.huawei.android.launcher.permission.WRITE_SETTINGS" /> <!-- ZUK -->
51-->[com.onesignal:OneSignal:3.16.0] AndroidManifest.xml:41:5-93
51-->[com.onesignal:OneSignal:3.16.0] AndroidManifest.xml:41:22-90
52    <uses-permission android:name="android.permission.READ_APP_BADGE" /> <!-- OPPO -->
52-->[com.onesignal:OneSignal:3.16.0] AndroidManifest.xml:42:5-73
52-->[com.onesignal:OneSignal:3.16.0] AndroidManifest.xml:42:22-70
53    <uses-permission android:name="com.oppo.launcher.permission.READ_SETTINGS" />
53-->[com.onesignal:OneSignal:3.16.0] AndroidManifest.xml:43:5-82
53-->[com.onesignal:OneSignal:3.16.0] AndroidManifest.xml:43:22-79
54    <uses-permission android:name="com.oppo.launcher.permission.WRITE_SETTINGS" /> <!-- EvMe -->
54-->[com.onesignal:OneSignal:3.16.0] AndroidManifest.xml:44:5-83
54-->[com.onesignal:OneSignal:3.16.0] AndroidManifest.xml:44:22-80
55    <uses-permission android:name="me.everything.badger.permission.BADGE_COUNT_READ" />
55-->[com.onesignal:OneSignal:3.16.0] AndroidManifest.xml:45:5-88
55-->[com.onesignal:OneSignal:3.16.0] AndroidManifest.xml:45:22-85
56    <uses-permission android:name="me.everything.badger.permission.BADGE_COUNT_WRITE" />
56-->[com.onesignal:OneSignal:3.16.0] AndroidManifest.xml:46:5-89
56-->[com.onesignal:OneSignal:3.16.0] AndroidManifest.xml:46:22-86
57    <uses-permission android:name="com.google.android.finsky.permission.BIND_GET_INSTALL_REFERRER_SERVICE" />
57-->[com.google.android.gms:play-services-measurement:17.4.4] AndroidManifest.xml:26:5-110
57-->[com.google.android.gms:play-services-measurement:17.4.4] AndroidManifest.xml:26:22-107
58
59    <application
59-->src\main\AndroidManifest.xml:14:5-282:19
60        android:name="com.example.streamingapp.MyApplication"
60-->src\main\AndroidManifest.xml:15:9-62
61        android:allowBackup="true"
61-->src\main\AndroidManifest.xml:16:9-35
62        android:appComponentFactory="androidx.core.app.CoreComponentFactory"
62-->[androidx.core:core:1.1.0] AndroidManifest.xml:24:18-86
63        android:hardwareAccelerated="true"
63-->src\main\AndroidManifest.xml:17:9-43
64        android:icon="@drawable/logo"
64-->src\main\AndroidManifest.xml:18:9-38
65        android:label="@string/app_name"
65-->src\main\AndroidManifest.xml:19:9-41
66        android:roundIcon="@drawable/logo"
66-->src\main\AndroidManifest.xml:20:9-43
67        android:supportsRtl="true"
67-->src\main\AndroidManifest.xml:21:9-35
68        android:theme="@style/AppTheme"
68-->src\main\AndroidManifest.xml:22:9-40
69        android:usesCleartextTraffic="true" >
69-->src\main\AndroidManifest.xml:23:9-44
70        <activity android:name="com.example.streamingapp.DonateListActivity" />
70-->src\main\AndroidManifest.xml:26:9-79
70-->src\main\AndroidManifest.xml:26:19-77
71        <activity android:name="com.example.streamingapp.SplashScreenActivity" >
71-->src\main\AndroidManifest.xml:27:9-32:20
71-->src\main\AndroidManifest.xml:27:19-79
72            <intent-filter>
72-->src\main\AndroidManifest.xml:28:13-31:29
73                <action android:name="android.intent.action.MAIN" />
73-->src\main\AndroidManifest.xml:29:17-69
73-->src\main\AndroidManifest.xml:29:25-66
74
75                <category android:name="android.intent.category.LAUNCHER" />
75-->src\main\AndroidManifest.xml:30:17-77
75-->src\main\AndroidManifest.xml:30:27-74
76            </intent-filter>
77        </activity>
78        <activity
78-->src\main\AndroidManifest.xml:33:9-37:55
79            android:name="com.example.streamingapp.MainActivity"
79-->src\main\AndroidManifest.xml:34:13-65
80            android:screenOrientation="portrait"
80-->src\main\AndroidManifest.xml:35:13-49
81            android:theme="@style/Theme.AppCompat.Light.NoActionBar.FullScreen"
81-->src\main\AndroidManifest.xml:36:13-80
82            android:windowSoftInputMode="adjustPan" />
82-->src\main\AndroidManifest.xml:37:13-52
83        <activity
83-->src\main\AndroidManifest.xml:38:9-42:57
84            android:name="com.example.streamingapp.SignInScreenActivity"
84-->src\main\AndroidManifest.xml:39:13-73
85            android:screenOrientation="portrait"
85-->src\main\AndroidManifest.xml:40:13-49
86            android:theme="@style/Theme.AppCompat.Light.NoActionBar.FullScreen"
86-->src\main\AndroidManifest.xml:41:13-80
87            android:windowSoftInputMode="adjustResize" />
87-->src\main\AndroidManifest.xml:42:13-55
88        <activity
88-->src\main\AndroidManifest.xml:43:9-47:57
89            android:name="com.example.streamingapp.SignUpScreenActivity"
89-->src\main\AndroidManifest.xml:44:13-73
90            android:screenOrientation="portrait"
90-->src\main\AndroidManifest.xml:46:13-49
91            android:theme="@style/Theme.AppCompat.Light.NoActionBar.FullScreen"
91-->src\main\AndroidManifest.xml:45:13-80
92            android:windowSoftInputMode="adjustResize" />
92-->src\main\AndroidManifest.xml:47:13-55
93        <activity
93-->src\main\AndroidManifest.xml:48:9-52:58
94            android:name="com.example.streamingapp.ForgotPasswordActivity"
94-->src\main\AndroidManifest.xml:49:13-75
95            android:screenOrientation="portrait"
95-->src\main\AndroidManifest.xml:51:13-49
96            android:theme="@style/Theme.AppCompat.Light.NoActionBar.FullScreen"
96-->src\main\AndroidManifest.xml:50:13-80
97            android:windowSoftInputMode="adjustResize" />
97-->src\main\AndroidManifest.xml:52:13-55
98        <activity
98-->src\main\AndroidManifest.xml:53:9-58:55
99            android:name="com.example.streamingapp.MovieDetailActivity"
99-->src\main\AndroidManifest.xml:54:13-72
100            android:configChanges="orientation|screenLayout|screenSize"
100-->src\main\AndroidManifest.xml:55:13-72
101            android:screenOrientation="portrait"
101-->src\main\AndroidManifest.xml:56:13-49
102            android:theme="@style/Theme.AppCompat.Light.NoActionBar.FullScreen"
102-->src\main\AndroidManifest.xml:57:13-80
103            android:windowSoftInputMode="adjustPan" />
103-->src\main\AndroidManifest.xml:58:13-52
104        <activity
104-->src\main\AndroidManifest.xml:59:9-64:55
105            android:name="com.example.streamingapp.OnlineMoviePlayerActivity"
105-->src\main\AndroidManifest.xml:60:13-78
106            android:configChanges="orientation|screenLayout|screenSize"
106-->src\main\AndroidManifest.xml:61:13-72
107            android:screenOrientation="portrait"
107-->src\main\AndroidManifest.xml:62:13-49
108            android:theme="@style/Theme.AppCompat.Light.NoActionBar.FullScreen"
108-->src\main\AndroidManifest.xml:63:13-80
109            android:windowSoftInputMode="adjustPan" />
109-->src\main\AndroidManifest.xml:64:13-52
110        <activity
110-->src\main\AndroidManifest.xml:65:9-71:20
111            android:name="com.example.streamingapp.MovieDetailActivity1"
111-->src\main\AndroidManifest.xml:66:13-73
112            android:configChanges="orientation|screenLayout|screenSize"
112-->src\main\AndroidManifest.xml:67:13-72
113            android:screenOrientation="portrait"
113-->src\main\AndroidManifest.xml:68:13-49
114            android:theme="@style/Theme.AppCompat.Light.NoActionBar.FullScreen"
114-->src\main\AndroidManifest.xml:69:13-80
115            android:windowSoftInputMode="adjustPan" >
115-->src\main\AndroidManifest.xml:70:13-52
116        </activity>
117        <activity
117-->src\main\AndroidManifest.xml:72:9-77:55
118            android:name="com.example.streamingapp.OfflineMoviePlayerActivity"
118-->src\main\AndroidManifest.xml:73:13-79
119            android:configChanges="orientation|screenLayout|screenSize"
119-->src\main\AndroidManifest.xml:74:13-72
120            android:screenOrientation="portrait"
120-->src\main\AndroidManifest.xml:75:13-49
121            android:theme="@style/Theme.AppCompat.Light.NoActionBar.FullScreen"
121-->src\main\AndroidManifest.xml:76:13-80
122            android:windowSoftInputMode="adjustPan" />
122-->src\main\AndroidManifest.xml:77:13-52
123        <activity
123-->src\main\AndroidManifest.xml:78:9-83:55
124            android:name="com.example.streamingapp.AboutUsActivity"
124-->src\main\AndroidManifest.xml:79:13-68
125            android:configChanges="orientation|screenLayout|screenSize"
125-->src\main\AndroidManifest.xml:80:13-72
126            android:screenOrientation="portrait"
126-->src\main\AndroidManifest.xml:81:13-49
127            android:theme="@style/Theme.AppCompat.Light.NoActionBar.FullScreen"
127-->src\main\AndroidManifest.xml:82:13-80
128            android:windowSoftInputMode="adjustPan" />
128-->src\main\AndroidManifest.xml:83:13-52
129        <activity
129-->src\main\AndroidManifest.xml:84:9-89:55
130            android:name="com.example.streamingapp.TechnicalHelpActivity"
130-->src\main\AndroidManifest.xml:85:13-74
131            android:configChanges="orientation|screenLayout|screenSize"
131-->src\main\AndroidManifest.xml:86:13-72
132            android:screenOrientation="portrait"
132-->src\main\AndroidManifest.xml:87:13-49
133            android:theme="@style/Theme.AppCompat.Light.NoActionBar.FullScreen"
133-->src\main\AndroidManifest.xml:88:13-80
134            android:windowSoftInputMode="adjustPan" />
134-->src\main\AndroidManifest.xml:89:13-52
135        <activity
135-->src\main\AndroidManifest.xml:90:9-95:55
136            android:name="com.example.streamingapp.ProductionCollaborationActivity"
136-->src\main\AndroidManifest.xml:91:13-84
137            android:configChanges="orientation|screenLayout|screenSize"
137-->src\main\AndroidManifest.xml:92:13-72
138            android:screenOrientation="portrait"
138-->src\main\AndroidManifest.xml:93:13-49
139            android:theme="@style/Theme.AppCompat.Light.NoActionBar.FullScreen"
139-->src\main\AndroidManifest.xml:94:13-80
140            android:windowSoftInputMode="adjustPan" />
140-->src\main\AndroidManifest.xml:95:13-52
141        <activity
141-->src\main\AndroidManifest.xml:96:9-101:55
142            android:name="com.example.streamingapp.UpdatePasswordActivity"
142-->src\main\AndroidManifest.xml:97:13-75
143            android:configChanges="orientation|screenLayout|screenSize"
143-->src\main\AndroidManifest.xml:98:13-72
144            android:screenOrientation="portrait"
144-->src\main\AndroidManifest.xml:99:13-49
145            android:theme="@style/Theme.AppCompat.Light.NoActionBar.FullScreen"
145-->src\main\AndroidManifest.xml:100:13-80
146            android:windowSoftInputMode="adjustPan" />
146-->src\main\AndroidManifest.xml:101:13-52
147        <activity
147-->src\main\AndroidManifest.xml:102:9-107:55
148            android:name="com.example.streamingapp.ArtistListActivity"
148-->src\main\AndroidManifest.xml:103:13-71
149            android:configChanges="orientation|screenLayout|screenSize"
149-->src\main\AndroidManifest.xml:104:13-72
150            android:screenOrientation="portrait"
150-->src\main\AndroidManifest.xml:105:13-49
151            android:theme="@style/Theme.AppCompat.Light.NoActionBar.FullScreen"
151-->src\main\AndroidManifest.xml:106:13-80
152            android:windowSoftInputMode="adjustPan" />
152-->src\main\AndroidManifest.xml:107:13-52
153        <activity
153-->src\main\AndroidManifest.xml:108:9-113:55
154            android:name="com.example.streamingapp.TandCActivity"
154-->src\main\AndroidManifest.xml:109:13-66
155            android:configChanges="orientation|screenLayout|screenSize"
155-->src\main\AndroidManifest.xml:110:13-72
156            android:screenOrientation="portrait"
156-->src\main\AndroidManifest.xml:111:13-49
157            android:theme="@style/Theme.AppCompat.Light.NoActionBar.FullScreen"
157-->src\main\AndroidManifest.xml:112:13-80
158            android:windowSoftInputMode="adjustPan" />
158-->src\main\AndroidManifest.xml:113:13-52
159        <activity
159-->src\main\AndroidManifest.xml:114:9-119:55
160            android:name="com.example.streamingapp.RefundPolicyActivity"
160-->src\main\AndroidManifest.xml:115:13-73
161            android:configChanges="orientation|screenLayout|screenSize"
161-->src\main\AndroidManifest.xml:116:13-72
162            android:screenOrientation="portrait"
162-->src\main\AndroidManifest.xml:117:13-49
163            android:theme="@style/Theme.AppCompat.Light.NoActionBar.FullScreen"
163-->src\main\AndroidManifest.xml:118:13-80
164            android:windowSoftInputMode="adjustPan" />
164-->src\main\AndroidManifest.xml:119:13-52
165        <activity
165-->src\main\AndroidManifest.xml:120:9-125:55
166            android:name="com.example.streamingapp.PrivacyPolicyActivity"
166-->src\main\AndroidManifest.xml:121:13-74
167            android:configChanges="orientation|screenLayout|screenSize"
167-->src\main\AndroidManifest.xml:122:13-72
168            android:screenOrientation="portrait"
168-->src\main\AndroidManifest.xml:123:13-49
169            android:theme="@style/Theme.AppCompat.Light.NoActionBar.FullScreen"
169-->src\main\AndroidManifest.xml:124:13-80
170            android:windowSoftInputMode="adjustPan" />
170-->src\main\AndroidManifest.xml:125:13-52
171        <activity
171-->src\main\AndroidManifest.xml:126:9-131:55
172            android:name="com.example.streamingapp.TransactionListActivity"
172-->src\main\AndroidManifest.xml:127:13-76
173            android:configChanges="orientation|screenLayout|screenSize"
173-->src\main\AndroidManifest.xml:128:13-72
174            android:screenOrientation="portrait"
174-->src\main\AndroidManifest.xml:129:13-49
175            android:theme="@style/Theme.AppCompat.Light.NoActionBar.FullScreen"
175-->src\main\AndroidManifest.xml:130:13-80
176            android:windowSoftInputMode="adjustPan" />
176-->src\main\AndroidManifest.xml:131:13-52
177        <activity
177-->src\main\AndroidManifest.xml:132:9-137:55
178            android:name="com.example.streamingapp.SportVideoDetailsActivity"
178-->src\main\AndroidManifest.xml:133:13-78
179            android:configChanges="orientation|screenLayout|screenSize"
179-->src\main\AndroidManifest.xml:134:13-72
180            android:screenOrientation="portrait"
180-->src\main\AndroidManifest.xml:135:13-49
181            android:theme="@style/Theme.AppCompat.Light.NoActionBar.FullScreen"
181-->src\main\AndroidManifest.xml:136:13-80
182            android:windowSoftInputMode="adjustPan" />
182-->src\main\AndroidManifest.xml:137:13-52
183        <activity
183-->src\main\AndroidManifest.xml:138:9-143:55
184            android:name="com.example.streamingapp.ShowVideoDetailsActivity"
184-->src\main\AndroidManifest.xml:139:13-77
185            android:configChanges="orientation|screenLayout|screenSize"
185-->src\main\AndroidManifest.xml:140:13-72
186            android:screenOrientation="portrait"
186-->src\main\AndroidManifest.xml:141:13-49
187            android:theme="@style/Theme.AppCompat.Light.NoActionBar.FullScreen"
187-->src\main\AndroidManifest.xml:142:13-80
188            android:windowSoftInputMode="adjustPan" />
188-->src\main\AndroidManifest.xml:143:13-52
189        <activity
189-->src\main\AndroidManifest.xml:144:9-149:55
190            android:name="com.example.streamingapp.TvVideoDetailsActivity"
190-->src\main\AndroidManifest.xml:145:13-75
191            android:configChanges="orientation|screenLayout|screenSize"
191-->src\main\AndroidManifest.xml:146:13-72
192            android:screenOrientation="portrait"
192-->src\main\AndroidManifest.xml:148:13-49
193            android:theme="@style/Theme.AppCompat.Light.NoActionBar.FullScreen"
193-->src\main\AndroidManifest.xml:147:13-80
194            android:windowSoftInputMode="adjustPan" />
194-->src\main\AndroidManifest.xml:149:13-52
195        <activity
195-->src\main\AndroidManifest.xml:150:9-155:55
196            android:name="com.example.streamingapp.SubscriptionPlanActivity"
196-->src\main\AndroidManifest.xml:151:13-77
197            android:configChanges="orientation|screenLayout|screenSize"
197-->src\main\AndroidManifest.xml:152:13-72
198            android:screenOrientation="portrait"
198-->src\main\AndroidManifest.xml:154:13-49
199            android:theme="@style/Theme.AppCompat.Light.NoActionBar.FullScreen"
199-->src\main\AndroidManifest.xml:153:13-80
200            android:windowSoftInputMode="adjustPan" />
200-->src\main\AndroidManifest.xml:155:13-52
201        <activity
201-->src\main\AndroidManifest.xml:156:9-161:55
202            android:name="com.example.streamingapp.SelectSubscriptionPlanActivity"
202-->src\main\AndroidManifest.xml:157:13-83
203            android:configChanges="orientation|screenLayout|screenSize"
203-->src\main\AndroidManifest.xml:158:13-72
204            android:screenOrientation="portrait"
204-->src\main\AndroidManifest.xml:160:13-49
205            android:theme="@style/Theme.AppCompat.Light.NoActionBar.FullScreen"
205-->src\main\AndroidManifest.xml:159:13-80
206            android:windowSoftInputMode="adjustPan" />
206-->src\main\AndroidManifest.xml:161:13-52
207        <activity
207-->src\main\AndroidManifest.xml:162:9-167:55
208            android:name="com.example.streamingapp.SearchActivity"
208-->src\main\AndroidManifest.xml:163:13-67
209            android:configChanges="orientation|screenLayout|screenSize"
209-->src\main\AndroidManifest.xml:164:13-72
210            android:screenOrientation="portrait"
210-->src\main\AndroidManifest.xml:166:13-49
211            android:theme="@style/Theme.AppCompat.Light.NoActionBar.FullScreen"
211-->src\main\AndroidManifest.xml:165:13-80
212            android:windowSoftInputMode="adjustPan" />
212-->src\main\AndroidManifest.xml:167:13-52
213        <activity
213-->src\main\AndroidManifest.xml:168:9-173:55
214            android:name="com.example.streamingapp.DashboardActivity"
214-->src\main\AndroidManifest.xml:169:13-70
215            android:configChanges="orientation|screenLayout|screenSize"
215-->src\main\AndroidManifest.xml:170:13-72
216            android:screenOrientation="portrait"
216-->src\main\AndroidManifest.xml:172:13-49
217            android:theme="@style/Theme.AppCompat.Light.NoActionBar.FullScreen"
217-->src\main\AndroidManifest.xml:171:13-80
218            android:windowSoftInputMode="adjustPan" />
218-->src\main\AndroidManifest.xml:173:13-52
219        <activity
219-->src\main\AndroidManifest.xml:174:9-178:55
220            android:name="com.example.streamingapp.UpdateProfileActivity"
220-->src\main\AndroidManifest.xml:175:13-74
221            android:screenOrientation="portrait"
221-->src\main\AndroidManifest.xml:176:13-49
222            android:theme="@style/Theme.AppCompat.Light.NoActionBar.FullScreen"
222-->src\main\AndroidManifest.xml:177:13-80
223            android:windowSoftInputMode="adjustPan" />
223-->src\main\AndroidManifest.xml:178:13-52
224        <activity
224-->src\main\AndroidManifest.xml:179:9-182:82
225            android:name="com.example.streamingapp.RazorPayPaymentActivity"
225-->src\main\AndroidManifest.xml:180:13-76
226            android:screenOrientation="portrait"
226-->src\main\AndroidManifest.xml:181:13-49
227            android:theme="@style/Theme.AppCompat.Light.NoActionBar.FullScreen" />
227-->src\main\AndroidManifest.xml:182:13-80
228        <activity
228-->src\main\AndroidManifest.xml:183:9-187:59
229            android:name="com.example.streamingapp.EmbeddedMoviePlayerActivity"
229-->src\main\AndroidManifest.xml:184:13-80
230            android:configChanges="orientation|screenSize"
230-->src\main\AndroidManifest.xml:186:13-59
231            android:screenOrientation="sensorLandscape"
231-->src\main\AndroidManifest.xml:187:13-56
232            android:theme="@style/Theme.AppCompat.Light.NoActionBar.FullScreen" />
232-->src\main\AndroidManifest.xml:185:13-80
233        <activity
233-->src\main\AndroidManifest.xml:188:9-192:52
234            android:name="com.example.streamingapp.WatchScreenActivity"
234-->src\main\AndroidManifest.xml:189:13-72
235            android:configChanges="orientation|screenSize"
235-->src\main\AndroidManifest.xml:190:13-59
236            android:screenOrientation="portrait"
236-->src\main\AndroidManifest.xml:192:13-49
237            android:theme="@style/Theme.AppCompat.Light.NoActionBar.FullScreen" />
237-->src\main\AndroidManifest.xml:191:13-80
238        <activity
238-->src\main\AndroidManifest.xml:194:9-198:52
239            android:name="com.example.streamingapp.ViewUserProfileActivity"
239-->src\main\AndroidManifest.xml:195:13-76
240            android:configChanges="orientation|screenSize"
240-->src\main\AndroidManifest.xml:196:13-59
241            android:screenOrientation="portrait"
241-->src\main\AndroidManifest.xml:198:13-49
242            android:theme="@style/Theme.AppCompat.Light.NoActionBar.FullScreen" />
242-->src\main\AndroidManifest.xml:197:13-80
243        <activity
243-->src\main\AndroidManifest.xml:200:9-204:52
244            android:name="com.example.streamingapp.SettingActivity"
244-->src\main\AndroidManifest.xml:201:13-68
245            android:configChanges="orientation|screenSize"
245-->src\main\AndroidManifest.xml:202:13-59
246            android:screenOrientation="portrait"
246-->src\main\AndroidManifest.xml:204:13-49
247            android:theme="@style/Theme.AppCompat.Light.NoActionBar.FullScreen" />
247-->src\main\AndroidManifest.xml:203:13-80
248        <activity
248-->src\main\AndroidManifest.xml:205:9-209:52
249            android:name="com.example.streamingapp.VerifyOTPActivity"
249-->src\main\AndroidManifest.xml:206:13-70
250            android:configChanges="orientation|screenSize"
250-->src\main\AndroidManifest.xml:208:13-59
251            android:screenOrientation="portrait"
251-->src\main\AndroidManifest.xml:209:13-49
252            android:theme="@style/Theme.AppCompat.Light.NoActionBar.FullScreen" />
252-->src\main\AndroidManifest.xml:207:13-80
253        <activity
253-->src\main\AndroidManifest.xml:210:9-212:66
254            android:name="io.card.payment.CardIOActivity"
254-->src\main\AndroidManifest.xml:211:13-58
255            android:configChanges="keyboardHidden|orientation" />
255-->src\main\AndroidManifest.xml:212:13-63
256        <activity android:name="io.card.payment.DataEntryActivity" />
256-->src\main\AndroidManifest.xml:213:9-70
256-->src\main\AndroidManifest.xml:213:19-67
257
258        <meta-data
258-->src\main\AndroidManifest.xml:215:9-217:69
259            android:name="com.google.android.gms.version"
259-->src\main\AndroidManifest.xml:216:13-58
260            android:value="@integer/google_play_services_version" /> <!-- Activity required to show ad overlays. -->
260-->src\main\AndroidManifest.xml:217:13-66
261        <activity
261-->src\main\AndroidManifest.xml:218:9-220:125
262            android:name="com.google.android.gms.ads.AdActivity"
262-->src\main\AndroidManifest.xml:219:13-65
263            android:configChanges="keyboard|keyboardHidden|orientation|screenLayout|uiMode|screenSize|smallestScreenSize"
263-->src\main\AndroidManifest.xml:220:13-122
264            android:exported="false"
264-->[com.google.android.gms:play-services-ads-lite:19.0.0] AndroidManifest.xml:32:13-37
265            android:theme="@android:style/Theme.Translucent" />
265-->[com.google.android.gms:play-services-ads-lite:19.0.0] AndroidManifest.xml:33:13-61
266
267        <meta-data
267-->src\main\AndroidManifest.xml:222:9-224:52
268            android:name="com.google.android.gms.ads.APPLICATION_ID"
268-->src\main\AndroidManifest.xml:223:13-69
269            android:value="@string/admob_app_id" />
269-->src\main\AndroidManifest.xml:224:13-49
270        <meta-data
270-->src\main\AndroidManifest.xml:225:9-227:39
271            android:name="com.onesignal.NotificationOpened.DEFAULT"
271-->src\main\AndroidManifest.xml:226:13-68
272            android:value="DISABLE" />
272-->src\main\AndroidManifest.xml:227:13-36
273        <meta-data
273-->src\main\AndroidManifest.xml:228:9-230:40
274            android:name="com.onesignal.NotificationAccentColor.DEFAULT"